app/build/intermediates/manifest_merge_blame_file/debug/manifest-merger-blame-debug-report.txt
1<?xml version="1.0" encoding="utf-8"?>
2<manifest xmlns:android="http://schemas.android.com/apk/res/android"
3    package="com.dot.jyp"
4    android:versionCode="1"
5    android:versionName="1.0" >
6
7    <uses-sdk
8        android:minSdkVersion="21"
8-->src\main\AndroidManifest.xml
9        android:targetSdkVersion="30" />
9-->src\main\AndroidManifest.xml
10
11    <uses-permission android:name="android.permission.INTERNET" />
11-->src\main\AndroidManifest.xml:4:5-66
11-->src\main\AndroidManifest.xml:4:22-64
12    <uses-permission android:name="android.permission.ACCESS_FINE_LOCATION" />
12-->src\main\AndroidManifest.xml:5:5-79
12-->src\main\AndroidManifest.xml:5:22-76
13    <uses-permission android:name="android.permission.ACCESS_COARSE_LOCATION" />
13-->src\main\AndroidManifest.xml:6:5-81
13-->src\main\AndroidManifest.xml:6:22-78
14
15    <application
15-->src\main\AndroidManifest.xml:7:5-32:19
16        android:allowBackup="true"
16-->src\main\AndroidManifest.xml:8:9-35
17        android:appComponentFactory="androidx.core.app.CoreComponentFactory"
17-->[androidx.core:core:1.3.2] AndroidManifest.xml:24:18-86
18        android:debuggable="true"
19        android:icon="@mipmap/ic_launcher"
19-->src\main\AndroidManifest.xml:9:9-43
20        android:label="@string/app_name"
20-->src\main\AndroidManifest.xml:10:9-41
21        android:roundIcon="@mipmap/ic_launcher_round"
21-->src\main\AndroidManifest.xml:11:9-54
22        android:supportsRtl="true"
22-->src\main\AndroidManifest.xml:12:9-35
23        android:testOnly="true"
24        android:theme="@style/AppTheme" >
24-->src\main\AndroidManifest.xml:13:9-40
25        <activity android:name="com.dot.jyp.IntroActivity" />
25-->src\main\AndroidManifest.xml:14:9-51
25-->src\main\AndroidManifest.xml:14:19-48
26        <activity android:name="com.dot.jyp.login.StartActivity" >
26-->src\main\AndroidManifest.xml:15:9-21:20
26-->src\main\AndroidManifest.xml:15:19-54
27            <intent-filter>
27-->src\main\AndroidManifest.xml:16:13-20:29
28                <action android:name="android.intent.action.MAIN" />
28-->src\main\AndroidManifest.xml:17:17-69
28-->src\main\AndroidManifest.xml:17:25-66
29
30                <category android:name="android.intent.category.LAUNCHER" />
30-->src\main\AndroidManifest.xml:19:17-77
30-->src\main\AndroidManifest.xml:19:27-74
31            </intent-filter>
32        </activity>
33        <activity android:name="com.dot.jyp.login.LoginActivity" />
33-->src\main\AndroidManifest.xml:22:9-56
33-->src\main\AndroidManifest.xml:22:19-54
34        <activity android:name="com.dot.jyp.lobby.LinkActivity" />
34-->src\main\AndroidManifest.xml:23:9-56
34-->src\main\AndroidManifest.xml:23:19-53
35        <activity android:name="com.dot.jyp.lobby.LobbyActivity" />
35-->src\main\AndroidManifest.xml:24:9-66
35-->src\main\AndroidManifest.xml:24:19-54
36        <activity android:name="com.dot.jyp.game.SelectMenuActivity" />
36-->src\main\AndroidManifest.xml:25:9-61
36-->src\main\AndroidManifest.xml:25:19-58
37        <activity android:name="com.dot.jyp.register.RegisterActivity" />
37-->src\main\AndroidManifest.xml:26:9-63
37-->src\main\AndroidManifest.xml:26:19-60
38        <activity android:name="com.dot.jyp.IntroActivity" />
38-->src\main\AndroidManifest.xml:14:9-51
38-->src\main\AndroidManifest.xml:14:19-48
39        <activity android:name="com.dot.jyp.lobby.LinkActivity" />
39-->src\main\AndroidManifest.xml:23:9-56
39-->src\main\AndroidManifest.xml:23:19-53
40        <activity android:name="com.dot.jyp.lobby.LobbyActivity" >
40-->src\main\AndroidManifest.xml:24:9-66
40-->src\main\AndroidManifest.xml:24:19-54
41        </activity>
42        <activity
42-->[com.google.android.gms:play-services-base:17.3.0] AndroidManifest.xml:23:9-26:75
43            android:name="com.google.android.gms.common.api.GoogleApiActivity"
43-->[com.google.android.gms:play-services-base:17.3.0] AndroidManifest.xml:24:13-79
44            android:exported="false"
44-->[com.google.android.gms:play-services-base:17.3.0] AndroidManifest.xml:25:13-37
45            android:theme="@android:style/Theme.Translucent.NoTitleBar" />
45-->[com.google.android.gms:play-services-base:17.3.0] AndroidManifest.xml:26:13-72
46
47        <meta-data
47-->[com.google.android.gms:play-services-basement:17.3.0] AndroidManifest.xml:23:9-25:69
48            android:name="com.google.android.gms.version"
48-->[com.google.android.gms:play-services-basement:17.3.0] AndroidManifest.xml:24:13-58
49            android:value="@integer/google_play_services_version" />
49-->[com.google.android.gms:play-services-basement:17.3.0] AndroidManifest.xml:25:13-66
50    </application>
51
52</manifest>